# JRE version: OpenJDK Runtime Environment Temurin-17.0.11+9 (17.0.11+9) (build 17.0.11+9)
# Java VM: OpenJDK 64-Bit Server VM Temurin-17.0.11+9 (17.0.11+9, mixed mode, emulated-client, tiered, compressed oops, compressed class ptrs, g1 gc, windows-amd64)
GC Precious Log:
 CPUs: 4 total, 4 available
 Memory: 8106M
 Large Page Support: Disabled
 NUMA Support: Disabled
 Compressed Oops: Enabled (32-bit)
 Heap Region Size: 1M
 Heap Min Capacity: 8M
 Heap Initial Capacity: 128M
 Heap Max Capacity: 1G
 Pre-touch: Disabled
 Parallel Workers: 4
 Concurrent Workers: 1
 Concurrent Refinement Workers: 4
 Periodic GC: Disabled
Heap:
 garbage-first heap   total 75776K, used 37281K [0x00000000c0000000, 0x0000000100000000)
  region size 1024K, 10 young (10240K), 3 survivors (3072K)
 Metaspace       used 41115K, committed 41536K, reserved 1114112K
  class space    used 5271K, committed 5440K, reserved 1048576K
GC Heap History (16 events):
Event: 4.690 GC heap before
{Heap before GC invocations=0 (full 0):
 garbage-first heap   total 131072K, used 16384K [0x00000000c0000000, 0x0000000100000000)
  region size 1024K, 13 young (13312K), 0 survivors (0K)
 Metaspace       used 5282K, committed 5376K, reserved 1114112K
  class space    used 495K, committed 512K, reserved 1048576K
}
Event: 4.931 GC heap after
{Heap after GC invocations=1 (full 0):
 garbage-first heap   total 131072K, used 11448K [0x00000000c0000000, 0x0000000100000000)
  region size 1024K, 2 young (2048K), 2 survivors (2048K)
 Metaspace       used 5282K, committed 5376K, reserved 1114112K
  class space    used 495K, committed 512K, reserved 1048576K
}
Event: 7.380 GC heap before
{Heap before GC invocations=1 (full 0):
 garbage-first heap   total 131072K, used 21688K [0x00000000c0000000, 0x0000000100000000)
  region size 1024K, 11 young (11264K), 2 survivors (2048K)
 Metaspace       used 7810K, committed 7936K, reserved 1114112K
  class space    used 832K, committed 896K, reserved 1048576K
}
Event: 7.397 GC heap after
{Heap after GC invocations=2 (full 0):
 garbage-first heap   total 131072K, used 15633K [0x00000000c0000000, 0x0000000100000000)
  region size 1024K, 2 young (2048K), 2 survivors (2048K)
 Metaspace       used 7810K, committed 7936K, reserved 1114112K
  class space    used 832K, committed 896K, reserved 1048576K
}
Event: 8.956 GC heap before
{Heap before GC invocations=2 (full 0):
 garbage-first heap   total 131072K, used 30993K [0x00000000c0000000, 0x0000000100000000)
  region size 1024K, 17 young (17408K), 2 survivors (2048K)
 Metaspace       used 11899K, committed 12160K, reserved 1114112K
  class space    used 1450K, committed 1600K, reserved 1048576K
}
Event: 8.962 GC heap after
{Heap after GC invocations=3 (full 0):
 garbage-first heap   total 131072K, used 16987K [0x00000000c0000000, 0x0000000100000000)
  region size 1024K, 2 young (2048K), 2 survivors (2048K)
 Metaspace       used 11899K, committed 12160K, reserved 1114112K
  class space    used 1450K, committed 1600K, reserved 1048576K
}
Event: 11.940 GC heap before
{Heap before GC invocations=3 (full 0):
 garbage-first heap   total 131072K, used 57947K [0x00000000c0000000, 0x0000000100000000)
  region size 1024K, 44 young (45056K), 2 survivors (2048K)
 Metaspace       used 21233K, committed 21504K, reserved 1114112K
  class space    used 2612K, committed 2752K, reserved 1048576K
}
Event: 11.949 GC heap after
{Heap after GC invocations=4 (full 0):
 garbage-first heap   total 131072K, used 20656K [0x00000000c0000000, 0x0000000100000000)
  region size 1024K, 5 young (5120K), 5 survivors (5120K)
 Metaspace       used 21233K, committed 21504K, reserved 1114112K
  class space    used 2612K, committed 2752K, reserved 1048576K
}
Event: 16.331 GC heap before
{Heap before GC invocations=5 (full 0):
 garbage-first heap   total 75776K, used 59568K [0x00000000c0000000, 0x0000000100000000)
  region size 1024K, 44 young (45056K), 5 survivors (5120K)
 Metaspace       used 28090K, committed 28352K, reserved 1114112K
  class space    used 3500K, committed 3584K, reserved 1048576K
}
Event: 16.346 GC heap after
{Heap after GC invocations=6 (full 0):
 garbage-first heap   total 75776K, used 23727K [0x00000000c0000000, 0x0000000100000000)
  region size 1024K, 4 young (4096K), 4 survivors (4096K)
 Metaspace       used 28090K, committed 28352K, reserved 1114112K
  class space    used 3500K, committed 3584K, reserved 1048576K
}
Event: 21.286 GC heap before
{Heap before GC invocations=6 (full 0):
 garbage-first heap   total 75776K, used 50351K [0x00000000c0000000, 0x0000000100000000)
  region size 1024K, 30 young (30720K), 4 survivors (4096K)
 Metaspace       used 32387K, committed 32768K, reserved 1114112K
  class space    used 4114K, committed 4288K, reserved 1048576K
}
Event: 21.301 GC heap after
{Heap after GC invocations=7 (full 0):
 garbage-first heap   total 75776K, used 25962K [0x00000000c0000000, 0x0000000100000000)
  region size 1024K, 2 young (2048K), 2 survivors (2048K)
 Metaspace       used 32387K, committed 32768K, reserved 1114112K
  class space    used 4114K, committed 4288K, reserved 1048576K
}
Event: 25.744 GC heap before
{Heap before GC invocations=7 (full 0):
 garbage-first heap   total 75776K, used 49514K [0x00000000c0000000, 0x0000000100000000)
  region size 1024K, 25 young (25600K), 2 survivors (2048K)
 Metaspace       used 35604K, committed 35968K, reserved 1114112K
  class space    used 4390K, committed 4608K, reserved 1048576K
}
Event: 25.759 GC heap after
{Heap after GC invocations=8 (full 0):
 garbage-first heap   total 75776K, used 28732K [0x00000000c0000000, 0x0000000100000000)
  region size 1024K, 4 young (4096K), 4 survivors (4096K)
 Metaspace       used 35604K, committed 35968K, reserved 1114112K
  class space    used 4390K, committed 4608K, reserved 1048576K
}
Event: 35.817 GC heap before
{Heap before GC invocations=9 (full 0):
 garbage-first heap   total 75776K, used 54332K [0x00000000c0000000, 0x0000000100000000)
  region size 1024K, 29 young (29696K), 4 survivors (4096K)
 Metaspace       used 40163K, committed 40512K, reserved 1114112K
  class space    used 5073K, committed 5248K, reserved 1048576K
}
Event: 35.825 GC heap after
{Heap after GC invocations=10 (full 0):
 garbage-first heap   total 75776K, used 31137K [0x00000000c0000000, 0x0000000100000000)
  region size 1024K, 3 young (3072K), 3 survivors (3072K)
 Metaspace       used 40163K, committed 40512K, reserved 1114112K
  class space    used 5073K, committed 5248K, reserved 1048576K
}

